<?xml version="1.0" encoding="UTF-8"?>
<!-- Generated by org.testng.reporters.JUnitXMLReporter -->
<testsuite ignored="2" hostname="Monalika-Jain" failures="0" tests="1" name="SprintApple(failed)(failed)" time="0.031" errors="0" timestamp="2021-06-19T00:02:32 IST">
  <testcase classname="RerunFailed" name="test3" time="0.005"/>
  <testcase classname="RerunFailed" name="test2" time="0.0">
    <ignored/>
  </testcase> <!-- test2 -->
  <testcase classname="RerunFailed" name="test1" time="0.0">
    <ignored/>
  </testcase> <!-- test1 -->
</testsuite> <!-- SprintApple(failed)(failed) -->
