<?xml version="1.0" encoding="UTF-8"?>
<!-- Generated by org.testng.reporters.JUnitXMLReporter -->
<testsuite ignored="0" hostname="Monalika-Jain" failures="1" tests="3" name="SprintApple" time="0.051" errors="0" timestamp="2021-06-18T23:32:39 IST">
  <testcase classname="RerunFailed" name="test1" time="0.009"/>
  <testcase classname="RerunFailed" name="test2" time="0.001"/>
  <testcase classname="RerunFailed" name="test3" time="0.003">
    <failure type="java.lang.AssertionError" message="expected [true] but found [false]">
      <![CDATA[java.lang.AssertionError: expected [true] but found [false]
at RerunFailed.test3(RerunFailed.java:21)
at java.base/java.util.ArrayList.forEach(ArrayList.java:1511)
... Removed 31 stack frames]]>
    </failure>
  </testcase> <!-- test3 -->
</testsuite> <!-- SprintApple -->
