<?xml version="1.0" encoding="UTF-8"?>
<!-- Generated by org.testng.reporters.JUnitXMLReporter -->
<testsuite ignored="2" hostname="Monalika-Jain" failures="1" tests="1" name="SprintApple(failed)" time="0.038" errors="0" timestamp="2021-06-18T23:45:30 IST">
  <testcase classname="RerunFailed" name="test3" time="0.008">
    <failure type="java.lang.AssertionError" message="expected [true] but found [false]">
      <![CDATA[java.lang.AssertionError: expected [true] but found [false]
at RerunFailed.test3(RerunFailed.java:21)
at java.base/java.util.ArrayList.forEach(ArrayList.java:1511)
... Removed 31 stack frames]]>
    </failure>
  </testcase> <!-- test3 -->
  <testcase classname="RerunFailed" name="test2" time="0.0">
    <ignored/>
  </testcase> <!-- test2 -->
  <testcase classname="RerunFailed" name="test1" time="0.0">
    <ignored/>
  </testcase> <!-- test1 -->
</testsuite> <!-- SprintApple(failed) -->
