<?xml version="1.0" encoding="UTF-8"?>
<testng-results ignored="0" total="3" passed="3" failed="0" skipped="0">
  <reporter-output>
    <line>
      <![CDATA[We used Google Chrome Ver 80 for this test]]>
    </line>
  </reporter-output>
  <suite started-at="2021-06-20T17:38:35 IST" name="Default suite" finished-at="2021-06-20T17:38:35 IST" duration-ms="36">
    <groups>
    </groups>
    <test started-at="2021-06-20T17:38:35 IST" name="Default test" finished-at="2021-06-20T17:38:35 IST" duration-ms="36">
      <class name="RerunFailed">
        <test-method signature="test1()[pri:0, instance:RerunFailed@5136d012]" started-at="2021-06-20T17:38:35 IST" name="test1" finished-at="2021-06-20T17:38:35 IST" duration-ms="7" status="PASS">
          <reporter-output>
          </reporter-output>
        </test-method> <!-- test1 -->
        <test-method signature="test2()[pri:0, instance:RerunFailed@5136d012]" started-at="2021-06-20T17:38:35 IST" name="test2" finished-at="2021-06-20T17:38:35 IST" duration-ms="1" status="PASS">
          <reporter-output>
          </reporter-output>
        </test-method> <!-- test2 -->
        <test-method signature="test3()[pri:0, instance:RerunFailed@5136d012]" started-at="2021-06-20T17:38:35 IST" name="test3" finished-at="2021-06-20T17:38:35 IST" duration-ms="2" status="PASS">
          <reporter-output>
            <line>
              <![CDATA[We used Google Chrome Ver 80 for this test]]>
            </line>
          </reporter-output>
        </test-method> <!-- test3 -->
      </class> <!-- RerunFailed -->
    </test> <!-- Default test -->
  </suite> <!-- Default suite -->
</testng-results>
