<?xml version="1.0" encoding="UTF-8"?>
<testng-results ignored="2" total="3" passed="1" failed="0" skipped="0">
  <reporter-output>
  </reporter-output>
  <suite started-at="2021-06-19T00:02:32 IST" name="Failed suite [Failed suite [SmokeTestScenario]]" finished-at="2021-06-19T00:02:32 IST" duration-ms="31">
    <groups>
    </groups>
    <test started-at="2021-06-19T00:02:32 IST" name="SprintApple(failed)(failed)" finished-at="2021-06-19T00:02:32 IST" duration-ms="31">
      <class name="RerunFailed">
        <test-method signature="test3()[pri:0, instance:RerunFailed@64cd705f]" started-at="2021-06-19T00:02:32 IST" name="test3" finished-at="2021-06-19T00:02:32 IST" duration-ms="5" status="PASS">
          <reporter-output>
          </reporter-output>
        </test-method> <!-- test3 -->
      </class> <!-- RerunFailed -->
    </test> <!-- SprintApple(failed)(failed) -->
  </suite> <!-- Failed suite [Failed suite [SmokeTestScenario]] -->
</testng-results>
